<?xml version="1.0" encoding="UTF-8" standalone="no"?>
<!DOCTYPE log SYSTEM "logger.dtd">
<log>
<record>
  <date>2013-09-04T17:58:01</date>
  <millis>1378335481665</millis>
  <sequence>0</sequence>
  <logger>com.minepop.servegame.convosync.application.ConvoSyncClient</logger>
  <level>INFO</level>
  <class>com.minepop.servegame.convosync.application.ConvoSyncClient</class>
  <method>&lt;init&gt;</method>
  <thread>13</thread>
  <message>September 4, 2013</message>
</record>
<record>
  <date>2013-09-04T17:58:02</date>
  <millis>1378335482234</millis>
  <sequence>1</sequence>
  <logger>com.minepop.servegame.convosync.application.ConvoSyncClient</logger>
  <level>INFO</level>
  <class>com.minepop.servegame.convosync.application.ConvoSyncClient</class>
  <method>&lt;init&gt;</method>
  <thread>13</thread>
  <message>com.minepop.servegame.convosync.application.ConvoSyncClient@2c591d98</message>
</record>
<record>
  <date>2013-09-04T17:58:02</date>
  <millis>1378335482234</millis>
  <sequence>2</sequence>
  <logger>com.minepop.servegame.convosync.application.ConvoSyncClient</logger>
  <level>CONFIG</level>
  <class>com.minepop.servegame.convosync.application.ConvoSyncClient</class>
  <method>&lt;init&gt;</method>
  <thread>13</thread>
  <message>Java Version: 1.7.0_25</message>
</record>
<record>
  <date>2013-09-04T17:58:02</date>
  <millis>1378335482236</millis>
  <sequence>3</sequence>
  <logger>com.minepop.servegame.convosync.application.ConvoSyncClient</logger>
  <level>CONFIG</level>
  <class>com.minepop.servegame.convosync.application.ConvoSyncClient</class>
  <method>&lt;init&gt;</method>
  <thread>13</thread>
  <message>OS Architexture: amd64</message>
</record>
<record>
  <date>2013-09-04T17:58:02</date>
  <millis>1378335482237</millis>
  <sequence>4</sequence>
  <logger>com.minepop.servegame.convosync.application.ConvoSyncClient</logger>
  <level>CONFIG</level>
  <class>com.minepop.servegame.convosync.application.ConvoSyncClient</class>
  <method>&lt;init&gt;</method>
  <thread>13</thread>
  <message>OS Name: Windows 7</message>
</record>
<record>
  <date>2013-09-04T17:58:02</date>
  <millis>1378335482237</millis>
  <sequence>5</sequence>
  <logger>com.minepop.servegame.convosync.application.ConvoSyncClient</logger>
  <level>CONFIG</level>
  <class>com.minepop.servegame.convosync.application.ConvoSyncClient</class>
  <method>&lt;init&gt;</method>
  <thread>13</thread>
  <message>OS Version: 6.1</message>
</record>
<record>
  <date>2013-09-04T17:58:04</date>
  <millis>1378335484304</millis>
  <sequence>6</sequence>
  <logger>com.minepop.servegame.convosync.application.ConvoSyncClient</logger>
  <level>INFO</level>
  <class>com.minepop.servegame.convosync.application.ConvoSyncClient</class>
  <method>connect</method>
  <thread>13</thread>
  <message>Connecting to 127.0.0.1:25,000...</message>
</record>
<record>
  <date>2013-09-04T17:58:05</date>
  <millis>1378335485314</millis>
  <sequence>7</sequence>
  <logger>com.minepop.servegame.convosync.application.ConvoSyncClient</logger>
  <level>SEVERE</level>
  <class>com.minepop.servegame.convosync.application.ConvoSyncClient</class>
  <method>connect</method>
  <thread>13</thread>
  <exception>
    <message>java.net.ConnectException: Connection refused: connect</message>
    <frame>
      <class>java.net.DualStackPlainSocketImpl</class>
      <method>connect0</method>
    </frame>
    <frame>
      <class>java.net.DualStackPlainSocketImpl</class>
      <method>socketConnect</method>
      <line>79</line>
    </frame>
    <frame>
      <class>java.net.AbstractPlainSocketImpl</class>
      <method>doConnect</method>
      <line>339</line>
    </frame>
    <frame>
      <class>java.net.AbstractPlainSocketImpl</class>
      <method>connectToAddress</method>
      <line>200</line>
    </frame>
    <frame>
      <class>java.net.AbstractPlainSocketImpl</class>
      <method>connect</method>
      <line>182</line>
    </frame>
    <frame>
      <class>java.net.PlainSocketImpl</class>
      <method>connect</method>
      <line>172</line>
    </frame>
    <frame>
      <class>java.net.SocksSocketImpl</class>
      <method>connect</method>
      <line>392</line>
    </frame>
    <frame>
      <class>java.net.Socket</class>
      <method>connect</method>
      <line>579</line>
    </frame>
    <frame>
      <class>java.net.Socket</class>
      <method>connect</method>
      <line>528</line>
    </frame>
    <frame>
      <class>java.net.Socket</class>
      <method>&lt;init&gt;</method>
      <line>425</line>
    </frame>
    <frame>
      <class>java.net.Socket</class>
      <method>&lt;init&gt;</method>
      <line>208</line>
    </frame>
    <frame>
      <class>com.minepop.servegame.convosync.application.ConvoSyncClient</class>
      <method>connect</method>
      <line>407</line>
    </frame>
    <frame>
      <class>com.minepop.servegame.convosync.application.ConvoSyncClient</class>
      <method>task5</method>
      <line>188</line>
    </frame>
    <frame>
      <class>com.minepop.servegame.convosync.application.ConvoSyncClient</class>
      <method>access$700</method>
      <line>20</line>
    </frame>
    <frame>
      <class>com.minepop.servegame.convosync.application.ConvoSyncClient$5</class>
      <method>onInput</method>
      <line>179</line>
    </frame>
    <frame>
      <class>blir.swing.QuickGUI$14</class>
      <method>actionPerformed</method>
      <line>490</line>
    </frame>
    <frame>
      <class>javax.swing.JTextField</class>
      <method>fireActionPerformed</method>
      <line>508</line>
    </frame>
    <frame>
      <class>javax.swing.JTextField</class>
      <method>postActionEvent</method>
      <line>721</line>
    </frame>
    <frame>
      <class>javax.swing.JTextField$NotifyAction</class>
      <method>actionPerformed</method>
      <line>836</line>
    </frame>
    <frame>
      <class>javax.swing.SwingUtilities</class>
      <method>notifyAction</method>
      <line>1664</line>
    </frame>
    <frame>
      <class>javax.swing.JComponent</class>
      <method>processKeyBinding</method>
      <line>2879</line>
    </frame>
    <frame>
      <class>javax.swing.JComponent</class>
      <method>processKeyBindings</method>
      <line>2926</line>
    </frame>
    <frame>
      <class>javax.swing.JComponent</class>
      <method>processKeyEvent</method>
      <line>2842</line>
    </frame>
    <frame>
      <class>java.awt.Component</class>
      <method>processEvent</method>
      <line>6282</line>
    </frame>
    <frame>
      <class>java.awt.Container</class>
      <method>processEvent</method>
      <line>2229</line>
    </frame>
    <frame>
      <class>java.awt.Component</class>
      <method>dispatchEventImpl</method>
      <line>4861</line>
    </frame>
    <frame>
      <class>java.awt.Container</class>
      <method>dispatchEventImpl</method>
      <line>2287</line>
    </frame>
    <frame>
      <class>java.awt.Component</class>
      <method>dispatchEvent</method>
      <line>4687</line>
    </frame>
    <frame>
      <class>java.awt.KeyboardFocusManager</class>
      <method>redispatchEvent</method>
      <line>1895</line>
    </frame>
    <frame>
      <class>java.awt.DefaultKeyboardFocusManager</class>
      <method>dispatchKeyEvent</method>
      <line>762</line>
    </frame>
    <frame>
      <class>java.awt.DefaultKeyboardFocusManager</class>
      <method>preDispatchKeyEvent</method>
      <line>1027</line>
    </frame>
    <frame>
      <class>java.awt.DefaultKeyboardFocusManager</class>
      <method>typeAheadAssertions</method>
      <line>899</line>
    </frame>
    <frame>
      <class>java.awt.DefaultKeyboardFocusManager</class>
      <method>dispatchEvent</method>
      <line>727</line>
    </frame>
    <frame>
      <class>java.awt.Component</class>
      <method>dispatchEventImpl</method>
      <line>4731</line>
    </frame>
    <frame>
      <class>java.awt.Container</class>
      <method>dispatchEventImpl</method>
      <line>2287</line>
    </frame>
    <frame>
      <class>java.awt.Window</class>
      <method>dispatchEventImpl</method>
      <line>2719</line>
    </frame>
    <frame>
      <class>java.awt.Component</class>
      <method>dispatchEvent</method>
      <line>4687</line>
    </frame>
    <frame>
      <class>java.awt.EventQueue</class>
      <method>dispatchEventImpl</method>
      <line>735</line>
    </frame>
    <frame>
      <class>java.awt.EventQueue</class>
      <method>access$200</method>
      <line>103</line>
    </frame>
    <frame>
      <class>java.awt.EventQueue$3</class>
      <method>run</method>
      <line>694</line>
    </frame>
    <frame>
      <class>java.awt.EventQueue$3</class>
      <method>run</method>
      <line>692</line>
    </frame>
    <frame>
      <class>java.security.AccessController</class>
      <method>doPrivileged</method>
    </frame>
    <frame>
      <class>java.security.ProtectionDomain$1</class>
      <method>doIntersectionPrivilege</method>
      <line>76</line>
    </frame>
    <frame>
      <class>java.security.ProtectionDomain$1</class>
      <method>doIntersectionPrivilege</method>
      <line>87</line>
    </frame>
    <frame>
      <class>java.awt.EventQueue$4</class>
      <method>run</method>
      <line>708</line>
    </frame>
    <frame>
      <class>java.awt.EventQueue$4</class>
      <method>run</method>
      <line>706</line>
    </frame>
    <frame>
      <class>java.security.AccessController</class>
      <method>doPrivileged</method>
    </frame>
    <frame>
      <class>java.security.ProtectionDomain$1</class>
      <method>doIntersectionPrivilege</method>
      <line>76</line>
    </frame>
    <frame>
      <class>java.awt.EventQueue</class>
      <method>dispatchEvent</method>
      <line>705</line>
    </frame>
    <frame>
      <class>java.awt.EventDispatchThread</class>
      <method>pumpOneEventForFilters</method>
      <line>242</line>
    </frame>
    <frame>
      <class>java.awt.EventDispatchThread</class>
      <method>pumpEventsForFilter</method>
      <line>161</line>
    </frame>
    <frame>
      <class>java.awt.EventDispatchThread</class>
      <method>pumpEventsForHierarchy</method>
      <line>150</line>
    </frame>
    <frame>
      <class>java.awt.EventDispatchThread</class>
      <method>pumpEvents</method>
      <line>146</line>
    </frame>
    <frame>
      <class>java.awt.EventDispatchThread</class>
      <method>pumpEvents</method>
      <line>138</line>
    </frame>
    <frame>
      <class>java.awt.EventDispatchThread</class>
      <method>run</method>
      <line>91</line>
    </frame>
  </exception>
</record>
</log>
